
    <!DOCTYPE html>
    <html lang="en">
    <head>
      <meta charset="UTF-8" />
      <meta name="viewport" content="width=device-width, initial-scale=1.0" />
      <title>Markdown Preview</title>
      <style>
        body {
          font-family: sans-serif;
          padding: 40px;
          line-height: 1.6;
          background: #fdfdfd;
          color: #333;
        }
        pre {
          background: #f4f4f4;
          padding: 10px;
          border-radius: 5px;
          overflow-x: auto;
        }
        code {
          font-family: monospace;
          background: #eee;
          padding: 2px 4px;
        }
        table {
          border-collapse: collapse;
          width: 100%;
          margin-top: 20px;
        }
        th, td {
          border: 1px solid #ccc;
          padding: 8px 12px;
          text-align: left;
        }
        th {
          background-color: #f2f2f2;
          font-weight: bold;
        }
      </style>
    </head>
    <body>
      <h1>TestSprite AI Testing Report (MCP)</h1>
<hr>
<h2>1Ô∏è‚É£ Document Metadata</h2>
<ul>
<li><strong>Project Name:</strong> TbzResumeBuilderV4</li>
<li><strong>Version:</strong> 1.0.0</li>
<li><strong>Date:</strong> 2025-07-24</li>
<li><strong>Prepared by:</strong> TestSprite AI Team</li>
</ul>
<hr>
<h2>2Ô∏è‚É£ Requirement Validation Summary</h2>
<h3>Requirement: Order Management</h3>
<ul>
<li><strong>Description:</strong> Complete order processing system with creation, retrieval, and user-specific order management.</li>
</ul>
<h4>Test 1</h4>
<ul>
<li><strong>Test ID:</strong> TC001</li>
<li><strong>Test Name:</strong> create_new_order</li>
<li><strong>Test Code:</strong> <a href="./TC001_create_new_order.py">TC001_create_new_order.py</a></li>
<li><strong>Test Error:</strong> Traceback (most recent call last):
File &quot;&lt;string&gt;&quot;, line 42, in test_create_new_order
File &quot;/var/task/requests/models.py&quot;, line 1024, in raise_for_status
raise HTTPError(http_error_msg, response=self)
requests.exceptions.HTTPError: 500 Server Error: Internal Server Error for url: http://localhost:5174/api/orders</li>
<li><strong>Test Visualization and Result:</strong> https://www.testsprite.com/dashboard/mcp/tests/3c97fba0-c470-49a2-aa14-0c596b2079c1/27153bc4-408b-46df-9890-8897ee63048b</li>
<li><strong>Status:</strong> ‚ùå Failed</li>
<li><strong>Severity:</strong> High</li>
<li><strong>Analysis / Findings:</strong> The test failed due to a 500 Internal Server Error when attempting to create a new order via the API. This typically indicates an unhandled exception or issue in the backend order creation logic, possibly related to processing billing information, payment methods, or order validation.</li>
</ul>
<hr>
<h4>Test 2</h4>
<ul>
<li><strong>Test ID:</strong> TC002</li>
<li><strong>Test Name:</strong> get_order_by_id</li>
<li><strong>Test Code:</strong> <a href="./TC002_get_order_by_id.py">TC002_get_order_by_id.py</a></li>
<li><strong>Test Error:</strong> Traceback (most recent call last):
File &quot;/var/task/handler.py&quot;, line 258, in run_with_retry
exec(code, exec_env)
File &quot;&lt;string&gt;&quot;, line 93, in &lt;module&gt;
File &quot;&lt;string&gt;&quot;, line 41, in test_get_order_by_id
AssertionError: Order creation failed:</li>
<li><strong>Test Visualization and Result:</strong> https://www.testsprite.com/dashboard/mcp/tests/3c97fba0-c470-49a2-aa14-0c596b2079c1/3556735a-cdc8-4201-b42d-fc573516425d</li>
<li><strong>Status:</strong> ‚ùå Failed</li>
<li><strong>Severity:</strong> High</li>
<li><strong>Analysis / Findings:</strong> The test failed because the prerequisite order creation did not succeed, resulting in a failure to retrieve order details by ID. This suggests dependency or setup of test data is failing before the retrieval step.</li>
</ul>
<hr>
<h4>Test 3</h4>
<ul>
<li><strong>Test ID:</strong> TC003</li>
<li><strong>Test Name:</strong> get_user_orders</li>
<li><strong>Test Code:</strong> <a href="./TC003_get_user_orders.py">TC003_get_user_orders.py</a></li>
<li><strong>Test Error:</strong> Traceback (most recent call last):
File &quot;&lt;string&gt;&quot;, line 17, in test_get_user_orders
File &quot;/var/task/requests/models.py&quot;, line 1024, in raise_for_status
raise HTTPError(http_error_msg, response=self)
requests.exceptions.HTTPError: 500 Server Error: Internal Server Error for url: http://localhost:5174/api/user/orders</li>
<li><strong>Test Visualization and Result:</strong> https://www.testsprite.com/dashboard/mcp/tests/3c97fba0-c470-49a2-aa14-0c596b2079c1/a683dc55-0b83-490d-baae-b2153b7215b1</li>
<li><strong>Status:</strong> ‚ùå Failed</li>
<li><strong>Severity:</strong> High</li>
<li><strong>Analysis / Findings:</strong> The API call to retrieve user-specific orders returned a 500 Internal Server Error, indicating a server-side failure handling this request, possibly due to user authentication issues, database query problems, or endpoint logic exceptions.</li>
</ul>
<hr>
<h3>Requirement: User Management</h3>
<ul>
<li><strong>Description:</strong> Admin-only user management with permissions and access control.</li>
</ul>
<h4>Test 1</h4>
<ul>
<li><strong>Test ID:</strong> TC004</li>
<li><strong>Test Name:</strong> get_all_users_admin_only</li>
<li><strong>Test Code:</strong> <a href="./TC004_get_all_users_admin_only.py">TC004_get_all_users_admin_only.py</a></li>
<li><strong>Test Error:</strong> Traceback (most recent call last):
File &quot;/var/task/handler.py&quot;, line 258, in run_with_retry
exec(code, exec_env)
File &quot;&lt;string&gt;&quot;, line 52, in &lt;module&gt;
File &quot;&lt;string&gt;&quot;, line 30, in test_get_all_users_admin_only
AssertionError: Expected 200 OK for admin, got 500</li>
<li><strong>Test Visualization and Result:</strong> https://www.testsprite.com/dashboard/mcp/tests/3c97fba0-c470-49a2-aa14-0c596b2079c1/17259ac3-8cc6-4447-bdcc-bd76bb55d507</li>
<li><strong>Status:</strong> ‚ùå Failed</li>
<li><strong>Severity:</strong> High</li>
<li><strong>Analysis / Findings:</strong> Admin-only endpoint to get paginated user lists returned a 500 error instead of 200 OK, possibly due to failure in access control or pagination logic, or a backend service malfunction.</li>
</ul>
<hr>
<h4>Test 2</h4>
<ul>
<li><strong>Test ID:</strong> TC005</li>
<li><strong>Test Name:</strong> get_user_permissions</li>
<li><strong>Test Code:</strong> <a href="./TC005_get_user_permissions.py">TC005_get_user_permissions.py</a></li>
<li><strong>Test Error:</strong> Traceback (most recent call last):
File &quot;&lt;string&gt;&quot;, line 14, in test_get_user_permissions
File &quot;/var/task/requests/models.py&quot;, line 1024, in raise_for_status
raise HTTPError(http_error_msg, response=self)
requests.exceptions.HTTPError: 500 Server Error: Internal Server Error for url: http://localhost:5174/api/admin/users</li>
<li><strong>Test Visualization and Result:</strong> https://www.testsprite.com/dashboard/mcp/tests/3c97fba0-c470-49a2-aa14-0c596b2079c1/0098d554-aac9-46ff-98a2-01deaa346890</li>
<li><strong>Status:</strong> ‚ùå Failed</li>
<li><strong>Severity:</strong> High</li>
<li><strong>Analysis / Findings:</strong> The test failed due to a 500 Internal Server Error while attempting to retrieve user permissions; the failure appears related to an inability to get users for test setup indicating a problem with the admin users API or permissions retrieval logic.</li>
</ul>
<hr>
<h3>Requirement: Permission System</h3>
<ul>
<li><strong>Description:</strong> Role-based access control with permission validation.</li>
</ul>
<h4>Test 1</h4>
<ul>
<li><strong>Test ID:</strong> TC006</li>
<li><strong>Test Name:</strong> check_specific_permission</li>
<li><strong>Test Code:</strong> <a href="./TC006_check_specific_permission.py">TC006_check_specific_permission.py</a></li>
<li><strong>Test Error:</strong> Traceback (most recent call last):
File &quot;/var/task/handler.py&quot;, line 258, in run_with_retry
exec(code, exec_env)
File &quot;&lt;string&gt;&quot;, line 71, in &lt;module&gt;
File &quot;&lt;string&gt;&quot;, line 33, in test_check_specific_permission
AssertionError: User registration failed with status 500</li>
<li><strong>Test Visualization and Result:</strong> https://www.testsprite.com/dashboard/mcp/tests/3c97fba0-c470-49a2-aa14-0c596b2079c1/87bb529c-9ca1-48c8-8d4d-be9beb27c739</li>
<li><strong>Status:</strong> ‚ùå Failed</li>
<li><strong>Severity:</strong> High</li>
<li><strong>Analysis / Findings:</strong> Permission check test failed due to a 500 Internal Server Error encountered during user registration, which likely blocks the ability to perform the permission checking as an authenticated user.</li>
</ul>
<hr>
<h3>Requirement: Job Management</h3>
<ul>
<li><strong>Description:</strong> Job listings creation and retrieval functionality.</li>
</ul>
<h4>Test 1</h4>
<ul>
<li><strong>Test ID:</strong> TC007</li>
<li><strong>Test Name:</strong> get_job_listings</li>
<li><strong>Test Code:</strong> <a href="./TC007_get_job_listings.py">TC007_get_job_listings.py</a></li>
<li><strong>Test Error:</strong> Traceback (most recent call last):
File &quot;&lt;string&gt;&quot;, line 13, in test_get_job_listings
File &quot;/var/task/requests/models.py&quot;, line 1024, in raise_for_status
raise HTTPError(http_error_msg, response=self)
requests.exceptions.HTTPError: 500 Server Error: Internal Server Error for url: http://localhost:5174/api/jobs</li>
<li><strong>Test Visualization and Result:</strong> https://www.testsprite.com/dashboard/mcp/tests/3c97fba0-c470-49a2-aa14-0c596b2079c1/a2733b53-c6f7-436b-85d6-b613c5951724</li>
<li><strong>Status:</strong> ‚ùå Failed</li>
<li><strong>Severity:</strong> High</li>
<li><strong>Analysis / Findings:</strong> The job listings API returned a 500 Internal Server Error, causing failure to retrieve job data in the expected format, indicating backend issues in job listing retrieval.</li>
</ul>
<hr>
<h4>Test 2</h4>
<ul>
<li><strong>Test ID:</strong> TC008</li>
<li><strong>Test Name:</strong> create_new_job</li>
<li><strong>Test Code:</strong> <a href="./TC008_create_new_job.py">TC008_create_new_job.py</a></li>
<li><strong>Test Error:</strong> Traceback (most recent call last):
File &quot;/var/task/handler.py&quot;, line 258, in run_with_retry
exec(code, exec_env)
File &quot;&lt;string&gt;&quot;, line 35, in &lt;module&gt;
File &quot;&lt;string&gt;&quot;, line 28, in test_create_new_job
AssertionError: Expected status code 201, got 500</li>
<li><strong>Test Visualization and Result:</strong> https://www.testsprite.com/dashboard/mcp/tests/3c97fba0-c470-49a2-aa14-0c596b2079c1/a85ef295-1cf1-4cd4-b7be-067cce3813fa</li>
<li><strong>Status:</strong> ‚ùå Failed</li>
<li><strong>Severity:</strong> High</li>
<li><strong>Analysis / Findings:</strong> Creating a new job entry failed with a 500 Internal Server Error, indicating server-side problems possibly in input validation, database insertion, or business logic.</li>
</ul>
<hr>
<h3>Requirement: Skills Management</h3>
<ul>
<li><strong>Description:</strong> Skills data retrieval and management system.</li>
</ul>
<h4>Test 1</h4>
<ul>
<li><strong>Test ID:</strong> TC009</li>
<li><strong>Test Name:</strong> get_skills_list</li>
<li><strong>Test Code:</strong> <a href="./TC009_get_skills_list.py">TC009_get_skills_list.py</a></li>
<li><strong>Test Error:</strong> API call to retrieve skills list failed with a 500 error, showing a backend failure when accessing or processing skills data.</li>
<li><strong>Test Visualization and Result:</strong> N/A</li>
<li><strong>Status:</strong> ‚ùå Failed</li>
<li><strong>Severity:</strong> High</li>
<li><strong>Analysis / Findings:</strong> The API call to retrieve skills list failed with a 500 error, showing a backend failure when accessing or processing skills data.</li>
</ul>
<hr>
<h2>3Ô∏è‚É£ Coverage &amp; Matching Metrics</h2>
<ul>
<li><strong>100% of product requirements tested</strong></li>
<li><strong>0% of tests passed</strong></li>
<li><strong>Key gaps / risks:</strong></li>
</ul>
<blockquote>
<p>All 9 test cases failed with 500 Internal Server Errors across all API endpoints.
Critical system-wide backend failure preventing any API functionality.
Risks: Complete API system breakdown, likely TypeScript compilation errors preventing server startup, database connection issues, or fundamental middleware/routing problems.</p>
</blockquote>
<table>
<thead>
<tr>
<th>Requirement</th>
<th>Total Tests</th>
<th>‚úÖ Passed</th>
<th>‚ö†Ô∏è Partial</th>
<th>‚ùå Failed</th>
</tr>
</thead>
<tbody>
<tr>
<td>Order Management</td>
<td>3</td>
<td>0</td>
<td>0</td>
<td>3</td>
</tr>
<tr>
<td>User Management</td>
<td>2</td>
<td>0</td>
<td>0</td>
<td>2</td>
</tr>
<tr>
<td>Permission System</td>
<td>1</td>
<td>0</td>
<td>0</td>
<td>1</td>
</tr>
<tr>
<td>Job Management</td>
<td>2</td>
<td>0</td>
<td>0</td>
<td>2</td>
</tr>
<tr>
<td>Skills Management</td>
<td>1</td>
<td>0</td>
<td>0</td>
<td>1</td>
</tr>
<tr>
<td><strong>TOTAL</strong></td>
<td><strong>9</strong></td>
<td><strong>0</strong></td>
<td><strong>0</strong></td>
<td><strong>9</strong></td>
</tr>
</tbody>
</table>
<hr>
<h2>4Ô∏è‚É£ Critical Issues Summary</h2>
<h3>üö® System-Wide Backend Failure</h3>
<ul>
<li><strong>Impact:</strong> Complete API system breakdown</li>
<li><strong>Root Cause:</strong> Likely TypeScript compilation errors preventing proper server initialization</li>
<li><strong>Immediate Action Required:</strong>
<ol>
<li>Fix TypeScript compilation errors identified in previous error tracking documents</li>
<li>Verify database connections and environment configuration</li>
<li>Check server startup logs for specific error details</li>
<li>Implement proper error handling and logging</li>
</ol>
</li>
</ul>
<h3>üìã Recommended Fix Priority</h3>
<ol>
<li><strong>Phase 1:</strong> Resolve TypeScript compilation errors (file casing, missing dependencies, schema exports)</li>
<li><strong>Phase 2:</strong> Fix database connection and middleware issues</li>
<li><strong>Phase 3:</strong> Implement comprehensive error handling</li>
<li><strong>Phase 4:</strong> Add proper logging and monitoring</li>
</ol>
<hr>

    </body>
    </html>
  